输入路径：C:/Users/Admin/Desktop/资源X/shendiaoTD
输出路径：C:/Users/Admin/Desktop/资源X/shendiaoTD.w3x
输入格式：Dir
输出模式：obj
结果：1 个错误，0 条警告
用时：2.581 秒
==========================
严重错误 (1)
==========================
保存触发器失败 - 请设置YDWE关联地图
stack traceback:
	[C]: in function 'error'
	.\core\slk/frontend_trg.lua:86: in method 'frontend_trg'
	.\core\slk/backend_wtg.lua:231: in method 'backend_wtg'
	.\core\slk/backend.lua:102: in function <.\core\slk/backend.lua:101>
	[C]: in function 'xpcall'
	.\core\slk/backend.lua:101: in upvalue 'convert_wtg'
	.\core\slk/backend.lua:407: in method 'backend'
	.\backend\convert.lua:140: in function 'backend.convert'
	.\backend\cli\obj.lua:4: in function 'backend.cli.obj'
	backend\init.lua:12: in main chunk
	[C]: in ?
